{
  "RSpec": {
    "coverage": {
      "/Users/lance/db_store/test/dummy/config/environment.rb": [
        null,
        1,
        null,
        null,
        1
      ],
      "/Users/lance/db_store/test/dummy/config/application.rb": [
        1,
        null,
        1,
        null,
        1,
        1,
        null,
        1,
        1,
        null,
        null,
        null,
        null,
        null,
        null,
        null,
        null,
        null,
        null,
        null,
        null,
        null,
        null,
        null,
        null,
        null,
        null,
        null,
        null,
        null,
        null,
        null,
        1,
        null,
        null,
        1,
        null,
        null,
        1,
        null,
        null,
        null,
        null,
        null,
        null,
        null,
        null,
        null,
        null,
        1,
        null,
        null,
        1,
        null,
        null,
        1,
        null,
        null,
        null
      ],
      "/Users/lance/db_store/test/dummy/config/boot.rb": [
        1,
        1,
        null,
        1,
        1,
        1,
        1,
        null,
        null,
        1
      ],
      "/Users/lance/db_store/lib/db_store.rb": [
        1,
        null,
        1,
        null
      ],
      "/Users/lance/db_store/lib/db_store/engine.rb": [
        1,
        1,
        null,
        null
      ],
      "/Users/lance/db_store/test/dummy/config/environments/test.rb": [
        1,
        null,
        null,
        null,
        null,
        null,
        null,
        1,
        null,
        null,
        1,
        1,
        null,
        null,
        1,
        null,
        null,
        1,
        1,
        null,
        null,
        1,
        null,
        null,
        1,
        null,
        null,
        null,
        null,
        1,
        null,
        null,
        1,
        null,
        null,
        1,
        null
      ],
      "/Users/lance/db_store/test/dummy/config/initializers/backtrace_silencers.rb": [
        null,
        null,
        null,
        null,
        null,
        null,
        null
      ],
      "/Users/lance/db_store/test/dummy/config/initializers/inflections.rb": [
        null,
        null,
        null,
        null,
        null,
        null,
        null,
        null,
        null,
        null,
        null,
        null,
        null,
        null,
        null
      ],
      "/Users/lance/db_store/test/dummy/config/initializers/mime_types.rb": [
        null,
        null,
        null,
        null,
        null
      ],
      "/Users/lance/db_store/test/dummy/config/initializers/secret_token.rb": [
        null,
        null,
        null,
        null,
        null,
        null,
        1
      ],
      "/Users/lance/db_store/test/dummy/config/initializers/session_store.rb": [
        null,
        null,
        1,
        null,
        null,
        null,
        null,
        null
      ],
      "/Users/lance/db_store/test/dummy/config/initializers/wrap_parameters.rb": [
        null,
        null,
        null,
        null,
        null,
        null,
        1,
        1,
        null,
        null,
        null,
        1,
        1,
        null
      ],
      "/Users/lance/db_store/app/classes/db_storage.rb": [
        1,
        1,
        null,
        1,
        null,
        1,
        15,
        15,
        15,
        15,
        null,
        null,
        1,
        13,
        13,
        null,
        null,
        1,
        1,
        null,
        1,
        null,
        null,
        null,
        1,
        15,
        null,
        null,
        1,
        7,
        null,
        null,
        1,
        1,
        null,
        null,
        1,
        1,
        1,
        null,
        null,
        null,
        1,
        1,
        null,
        null,
        1,
        1,
        null,
        null,
        1,
        14,
        14,
        14,
        14,
        14,
        null,
        null,
        1,
        14,
        null,
        null,
        null,
        null,
        null,
        14,
        null,
        null,
        1,
        0,
        null,
        null,
        1,
        null,
        null,
        null,
        null,
        1,
        null,
        1,
        15,
        null,
        null,
        1,
        13,
        null,
        null,
        null
      ],
      "/Users/lance/db_store/app/classes/db_storage/catalog.rb": [
        1,
        1,
        null,
        1,
        1,
        null,
        1,
        20,
        20,
        null,
        null,
        1,
        13,
        13,
        null,
        null,
        1,
        20,
        9,
        null,
        null,
        1,
        2,
        null,
        null,
        1,
        2,
        null,
        null,
        1,
        1,
        1,
        1,
        1,
        1,
        null,
        null,
        1,
        1,
        null,
        null,
        1,
        null,
        1,
        28,
        null,
        null,
        1,
        13,
        null,
        null,
        1,
        15,
        1,
        null,
        null,
        null,
        1,
        12,
        null,
        null,
        1,
        null,
        null,
        null,
        null,
        null,
        13,
        null,
        null,
        1,
        20,
        20,
        null,
        null
      ],
      "/Users/lance/db_store/app/controllers/db_stores_controller.rb": [
        1,
        1,
        1,
        null,
        1,
        0,
        0,
        null,
        null,
        1,
        0,
        null,
        null,
        1,
        0,
        null,
        null,
        1,
        null,
        1,
        0,
        null,
        null
      ],
      "/Users/lance/db_store/test/dummy/app/controllers/application_controller.rb": [
        1,
        1,
        null
      ],
      "/Users/lance/db_store/test/dummy/app/helpers/application_helper.rb": [
        1,
        null
      ],
      "/Users/lance/db_store/app/helpers/db_stores_helper.rb": [
        1,
        1,
        0,
        null,
        null,
        1,
        0,
        null,
        null
      ],
      "/Users/lance/db_store/test/dummy/app/helpers/foos_helper.rb": [
        1,
        null
      ],
      "/Users/lance/db_store/test/dummy/app/controllers/foos_controller.rb": [
        1,
        1,
        null,
        null
      ],
      "/Users/lance/db_store/test/dummy/config/routes.rb": [
        1,
        null,
        null,
        null,
        null,
        null,
        null,
        null,
        null,
        null,
        null,
        null,
        null,
        null,
        null,
        null,
        null,
        null,
        null,
        null,
        null,
        null,
        null,
        null,
        null,
        null,
        null,
        null,
        null,
        null,
        null,
        null,
        null,
        null,
        null,
        null,
        null,
        null,
        null,
        null,
        null,
        null,
        null,
        null,
        null,
        null,
        null,
        null,
        null,
        null,
        1,
        1,
        null,
        null,
        null,
        null,
        null,
        null,
        null
      ],
      "/Users/lance/db_store/config/routes.rb": [
        1,
        1,
        1,
        1,
        null
      ],
      "/Users/lance/db_store/spec/classes/db_storage_spec.rb": [
        1,
        null,
        1,
        1,
        1,
        13,
        13,
        13,
        null,
        1,
        2,
        1,
        1,
        null,
        1,
        1,
        1,
        null,
        1,
        1,
        10,
        10,
        10,
        null,
        1,
        1,
        1,
        1,
        null,
        1,
        1,
        1,
        1,
        null,
        1,
        1,
        null,
        1,
        1,
        1,
        1,
        1,
        1,
        1,
        1,
        null,
        1,
        1,
        1,
        1,
        1,
        1,
        1,
        null,
        1,
        1,
        null,
        1,
        1,
        1,
        1,
        1,
        1,
        null,
        1,
        1,
        1,
        null,
        1,
        null,
        null,
        null,
        1,
        null,
        null,
        null,
        null,
        null,
        null,
        null,
        null,
        null,
        1,
        13,
        13,
        null,
        null
      ]
    },
    "timestamp": 1406686943
  }
}
